<?xml version="1.0" encoding="UTF-8"?>
<!-- Generated by org.testng.reporters.JUnitXMLReporter -->
<testsuite ignored="0" hostname="DESKTOP-TCUNQVS" failures="1" tests="2" name="Command line test" time="0.028" errors="0" timestamp="2023-01-28T16:38:06 CET">
  <testcase classname="MyTest" name="testAdd" time="0.001"/>
  <testcase classname="MyTest" name="testMulitply" time="0.001">
    <failure type="java.lang.AssertionError" message="expected [10] but found [6]">
      <![CDATA[java.lang.AssertionError: expected [10] but found [6]
at MyTest.testMulitply(MyTest.java:22)
at java.base/java.util.ArrayList.forEach(ArrayList.java:1511)
... Removed 39 stack frames]]>
    </failure>
  </testcase> <!-- testMulitply -->
</testsuite> <!-- Command line test -->
